<?xml version="1.0" encoding="UTF-8"?>
<!-- Generated by org.testng.reporters.JUnitReportReporter -->
<testsuite hostname="DESKTOP-3TLULB1" failures="0" tests="1" name="com.qa.pippin.TestCases.LoginPageTest" time="23.481" errors="0" timestamp="2021-06-05T14:32:31 IST" skipped="0">
  <testcase classname="com.qa.pippin.TestCases.LoginPageTest" name="login" time="23.481"/>
  <system-out/>
</testsuite> <!-- com.qa.pippin.TestCases.LoginPageTest -->
