<?xml version="1.0" encoding="UTF-8"?>
<!-- Generated by org.testng.reporters.JUnitReportReporter -->
<testsuite hostname="DESKTOP-3TLULB1" failures="0" tests="1" name="com.qa.pippin.TestCases.HomePageTest" time="35.809" errors="0" timestamp="2021-06-05T14:32:31 IST" skipped="0">
  <testcase classname="com.qa.pippin.TestCases.HomePageTest" name="placeTest" time="35.809"/>
  <system-out/>
</testsuite> <!-- com.qa.pippin.TestCases.HomePageTest -->
